<?xml version="1.0" encoding="UTF-8"?>
<!-- Generated by org.testng.reporters.JUnitXMLReporter -->
<testsuite hostname="Santhosh-E4310" name="Selenium TestNG - 2" tests="3" failures="0" timestamp="22 Apr 2014 06:46:29 GMT" time="33.559" errors="0">
  <testcase name="@BeforeClass beforeClass" time="0.0" classname="com.projectname.grid.HDFC">
    <failure type="org.openqa.selenium.WebDriverException" message="The path to the driver executable must be set by the webdriver.chrome.driver system property; for more information, see http://code.google.com/p/selenium/wiki/ChromeDriver. The latest version can be downloaded from http://chromedriver.storage.googleapis.com/index.html
Command duration or timeout: 32.64 seconds
Build info: version: &amp;apos;2.38.0&amp;apos;, revision: &amp;apos;bd32d4e7247a32d801b3d2d4f84a4e7384300378&amp;apos;, time: &amp;apos;2013-12-05 09:01:37&amp;apos;
System info: host: &amp;apos;Santhosh-E4310&amp;apos;, ip: &amp;apos;10.10.21.3&amp;apos;, os.name: &amp;apos;Windows 7&amp;apos;, os.arch: &amp;apos;amd64&amp;apos;, os.version: &amp;apos;6.1&amp;apos;, java.version: &amp;apos;1.7.0_45&amp;apos;
Driver info: org.openqa.selenium.remote.RemoteWebDriver">
      <![CDATA[org.openqa.selenium.WebDriverException: The path to the driver executable must be set by the webdriver.chrome.driver system property; for more information, see http://code.google.com/p/selenium/wiki/ChromeDriver. The latest version can be downloaded from http://chromedriver.storage.googleapis.com/index.html
Command duration or timeout: 32.64 seconds
Build info: version: '2.38.0', revision: 'bd32d4e7247a32d801b3d2d4f84a4e7384300378', time: '2013-12-05 09:01:37'
System info: host: 'Santhosh-E4310', ip: '10.10.21.3', os.name: 'Windows 7', os.arch: 'amd64', os.version: '6.1', java.version: '1.7.0_45'
Driver info: org.openqa.selenium.remote.RemoteWebDriver
	at org.openqa.selenium.remote.ErrorHandler.createThrowable(ErrorHandler.java:193)
	at org.openqa.selenium.remote.ErrorHandler.throwIfResponseFailed(ErrorHandler.java:145)
	at org.openqa.selenium.remote.RemoteWebDriver.execute(RemoteWebDriver.java:554)
	at org.openqa.selenium.remote.RemoteWebDriver.startSession(RemoteWebDriver.java:216)
	at org.openqa.selenium.remote.RemoteWebDriver.<init>(RemoteWebDriver.java:111)
	at org.openqa.selenium.remote.RemoteWebDriver.<init>(RemoteWebDriver.java:129)
	at com.projectname.grid.HDFC.beforeClass(HDFC.java:51)
	at java.util.concurrent.FutureTask.run(Unknown Source)
	at java.util.concurrent.ThreadPoolExecutor.runWorker(Unknown Source)
	at java.util.concurrent.ThreadPoolExecutor$Worker.run(Unknown Source)
	at java.lang.Thread.run(Unknown Source)
Caused by: java.lang.IllegalStateException: The path to the driver executable must be set by the webdriver.chrome.driver system property; for more information, see http://code.google.com/p/selenium/wiki/ChromeDriver. The latest version can be downloaded from http://chromedriver.storage.googleapis.com/index.html
	at com.google.common.base.Preconditions.checkState(Preconditions.java:177)
	at org.openqa.selenium.remote.service.DriverService.findExecutable(DriverService.java:105)
	at org.openqa.selenium.chrome.ChromeDriverService.createDefaultService(ChromeDriverService.java:75)
	at org.openqa.selenium.chrome.ChromeDriver.<init>(ChromeDriver.java:129)
	at org.openqa.selenium.remote.server.DefaultDriverFactory.callConstructor(DefaultDriverFactory.java:62)
	at org.openqa.selenium.remote.server.DefaultDriverFactory.newInstance(DefaultDriverFactory.java:56)
	at org.openqa.selenium.remote.server.DefaultSession$BrowserCreator.call(DefaultSession.java:216)
	at org.openqa.selenium.remote.server.DefaultSession$BrowserCreator.call(DefaultSession.java:1)
	at java.util.concurrent.FutureTask.run(Unknown Source)
	at org.openqa.selenium.remote.server.DefaultSession$1.run(DefaultSession.java:170)
	... 3 more
... Removed 24 stack frames]]>
    </failure>
  </testcase> <!-- @BeforeClass beforeClass -->
  <testcase name="@AfterTest closebrowser" time="0.0" classname="com.projectname.grid.HDFC">
    <skipped/>
  </testcase> <!-- @AfterTest closebrowser -->
  <testcase name="hdfc" time="0.002" classname="com.projectname.grid.HDFC">
    <skipped/>
  </testcase> <!-- hdfc -->
  <testcase name="newwindow" time="0.001" classname="com.projectname.grid.HDFC">
    <skipped/>
  </testcase> <!-- newwindow -->
  <testcase name="frame" time="0.001" classname="com.projectname.grid.HDFC">
    <skipped/>
  </testcase> <!-- frame -->
</testsuite> <!-- Selenium TestNG - 2 -->
