2014-04-23 17:40:20 INFO  FunctionLibrary:25 - Initialized All Resources Files
2014-04-23 17:40:20 INFO  FunctionLibrary:27 - Creatng Driver Script Object
2014-04-23 17:40:20 INFO  FunctionLibrary:29 - Creating Test Suite
2014-04-23 17:40:20 INFO  FunctionLibrary:31 - Creating Test Suite For Email Report
2014-04-23 17:40:20 INFO  FunctionLibrary:36 - Creating Suite In Detailed Test Report
2014-04-23 17:40:20 INFO  FunctionLibrary:38 - Creating Suite In Mailing Report
2014-04-23 17:40:20 INFO  FunctionLibrary:43 - Creating Excel Sheet For Test Results
2014-04-23 17:40:21 INFO  FunctionLibrary:47 - Total No.of Test Cases  23.0
2014-04-23 17:40:21 INFO  FunctionLibrary:48 - Launching Browser
2014-04-23 17:40:21 INFO  FunctionLibrary:216 - Launching Mozilla Firefox.......
2014-04-23 17:40:51 INFO  FunctionLibrary:50 - Loading Controller Work Book
2014-04-23 17:40:51 INFO  FunctionLibrary:52 - Selecting Test Scenario From Controller File
2014-04-23 17:40:51 INFO  FunctionLibrary:52 - Selecting Test Scenario From Controller File
2014-04-23 17:40:51 INFO  FunctionLibrary:56 - Navigate To Test Scenario Sheet
2014-04-23 17:40:51 INFO  FunctionLibrary:62 - Loading Test Data Work Book
2014-04-23 17:40:51 INFO  FunctionLibrary:71 - Passing Parameters Driver Script to ContolScript
2014-04-23 17:40:51 INFO  FunctionLibrary:155 - Mouse Over to //*[@id='primary-nav']/ul/li[1]/a
2014-04-23 17:40:52 INFO  FunctionLibrary:65 - Clicking on Button //*[@id='primary-nav']/ul/li[1]/ul/li[1]/a
2014-04-23 17:40:52 INFO  FunctionLibrary:87 - Verifying Text
2014-04-23 17:40:59 INFO  FunctionLibrary:358 - New Release
2014-04-23 17:40:59 INFO  FunctionLibrary:359 - New Releases
2014-04-23 17:40:59 INFO  FunctionLibrary:365 - Error in text - //*[@id='sidebar']/nav/header/h3
2014-04-23 17:40:59 INFO  FunctionLibrary:366 - Actual - New Releases
2014-04-23 17:40:59 INFO  FunctionLibrary:367 - Expected -New Release
2014-04-23 17:40:59 FATAL FunctionLibrary:368 - test verify
2014-04-23 17:40:59 ERROR FunctionLibrary:369 - error
2014-04-23 17:41:02 INFO  FunctionLibrary:78 - Selecting DropDown Value Artist Name
2014-04-23 17:41:03 INFO  FunctionLibrary:78 - Selecting DropDown Value Jan 28, 2014
2014-04-23 17:41:04 INFO  FunctionLibrary:52 - Clicking on Listing Radiobutton
2014-04-23 17:41:04 INFO  FunctionLibrary:52 - Clicking on hm_amoeba-recommends Radiobutton
2014-04-23 17:41:05 INFO  FunctionLibrary:52 - Clicking on Upcoming Radiobutton
2014-04-23 17:41:05 INFO  FunctionLibrary:52 - Clicking on CD Radiobutton
2014-04-23 17:41:05 INFO  FunctionLibrary:65 - Clicking on Button //*[@id='genre-picker']/li[2]/a
2014-04-23 17:41:07 INFO  FunctionLibrary:52 - Clicking on Upcoming Radiobutton
2014-04-23 17:41:07 INFO  FunctionLibrary:52 - Clicking on Cassette Radiobutton
2014-04-23 17:41:08 INFO  FunctionLibrary:65 - Clicking on Button //*[@id='genre-picker']/li[1]/a/strong
2014-04-23 17:41:09 INFO  FunctionLibrary:75 - Test Scenario Result --Fail
2014-04-23 17:41:09 INFO  FunctionLibrary:52 - Selecting Test Scenario From Controller File
2014-04-23 17:41:09 INFO  FunctionLibrary:52 - Selecting Test Scenario From Controller File
2014-04-23 17:41:09 INFO  FunctionLibrary:56 - Navigate To Test Scenario Sheet
2014-04-23 17:41:10 INFO  FunctionLibrary:62 - Loading Test Data Work Book
2014-04-23 17:41:10 INFO  FunctionLibrary:71 - Passing Parameters Driver Script to ContolScript
2014-04-23 17:41:10 INFO  FunctionLibrary:155 - Mouse Over to //*[@id='primary-nav']/ul/li[1]/a
2014-04-23 17:41:11 INFO  FunctionLibrary:65 - Clicking on Button //*[@id='primary-nav']/ul/li[1]/ul/li[3]/a
2014-04-23 17:41:11 INFO  FunctionLibrary:87 - Verifying Text
2014-04-23 17:41:14 INFO  FunctionLibrary:358 - CD & Vinyl
2014-04-23 17:41:14 INFO  FunctionLibrary:359 - CD & Vinyl
2014-04-23 17:41:14 INFO  FunctionLibrary:69 - Entering Data into searchbox
2014-04-23 17:41:15 INFO  FunctionLibrary:65 - Clicking on Button //*[@id='searches']/input[2]
2014-04-23 17:41:25 INFO  FunctionLibrary:52 - Clicking on Love_And_Conversation Radiobutton
2014-04-23 17:41:58 INFO  FunctionLibrary:174 - 
org.openqa.selenium.NoSuchElementException: Unable to locate element: {"method":"link text","selector":"Love And Conversation (LP)"}
Command duration or timeout: 10.15 seconds
For documentation on this error, please visit: http://seleniumhq.org/exceptions/no_such_element.html
Build info: version: '2.38.0', revision: 'bd32d4e7247a32d801b3d2d4f84a4e7384300378', time: '2013-12-05 09:01:37'
System info: host: 'Santhosh-E4310', ip: '172.16.0.118', os.name: 'Windows 7', os.arch: 'amd64', os.version: '6.1', java.version: '1.7.0_45'
Session ID: 5c8e578d-b8ce-4b20-9f8c-828f27f28469
Driver info: org.openqa.selenium.firefox.FirefoxDriver
Capabilities [{platform=XP, acceptSslCerts=true, javascriptEnabled=true, cssSelectorsEnabled=true, databaseEnabled=true, browserName=firefox, handlesAlerts=true, browserConnectionEnabled=true, webStorageEnabled=true, nativeEvents=false, rotatable=false, locationContextEnabled=true, applicationCacheEnabled=true, takesScreenshot=true, version=28.0}]
	at sun.reflect.NativeConstructorAccessorImpl.newInstance0(Native Method)
	at sun.reflect.NativeConstructorAccessorImpl.newInstance(Unknown Source)
	at sun.reflect.DelegatingConstructorAccessorImpl.newInstance(Unknown Source)
	at java.lang.reflect.Constructor.newInstance(Unknown Source)
	at org.openqa.selenium.remote.ErrorHandler.createThrowable(ErrorHandler.java:193)
	at org.openqa.selenium.remote.ErrorHandler.throwIfResponseFailed(ErrorHandler.java:145)
	at org.openqa.selenium.remote.RemoteWebDriver.execute(RemoteWebDriver.java:554)
	at org.openqa.selenium.remote.RemoteWebDriver.findElement(RemoteWebDriver.java:307)
	at org.openqa.selenium.remote.RemoteWebDriver.findElementByLinkText(RemoteWebDriver.java:356)
	at org.openqa.selenium.By$ByLinkText.findElement(By.java:248)
	at org.openqa.selenium.remote.RemoteWebDriver.findElement(RemoteWebDriver.java:299)
	at com.projectname.base.Keywords.welement(Keywords.java:317)
	at com.projectname.base.Keywords.actionElement(Keywords.java:236)
	at com.projectname.base.Keywords.controlScript(Keywords.java:54)
	at com.projectname.scripts.DriverScriptTest.driverScript(DriverScriptTest.java:72)
	at sun.reflect.NativeMethodAccessorImpl.invoke0(Native Method)
	at sun.reflect.NativeMethodAccessorImpl.invoke(Unknown Source)
	at sun.reflect.DelegatingMethodAccessorImpl.invoke(Unknown Source)
	at java.lang.reflect.Method.invoke(Unknown Source)
	at org.testng.internal.MethodInvocationHelper.invokeMethod(MethodInvocationHelper.java:84)
	at org.testng.internal.Invoker.invokeMethod(Invoker.java:714)
	at org.testng.internal.Invoker.invokeTestMethod(Invoker.java:901)
	at org.testng.internal.Invoker.invokeTestMethods(Invoker.java:1231)
	at org.testng.internal.TestMethodWorker.invokeTestMethods(TestMethodWorker.java:127)
	at org.testng.internal.TestMethodWorker.run(TestMethodWorker.java:111)
	at org.testng.TestRunner.privateRun(TestRunner.java:767)
	at org.testng.TestRunner.run(TestRunner.java:617)
	at org.testng.SuiteRunner.runTest(SuiteRunner.java:334)
	at org.testng.SuiteRunner.runSequentially(SuiteRunner.java:329)
	at org.testng.SuiteRunner.privateRun(SuiteRunner.java:291)
	at org.testng.SuiteRunner.run(SuiteRunner.java:240)
	at org.testng.SuiteRunnerWorker.runSuite(SuiteRunnerWorker.java:52)
	at org.testng.SuiteRunnerWorker.run(SuiteRunnerWorker.java:86)
	at org.testng.TestNG.runSuitesSequentially(TestNG.java:1224)
	at org.testng.TestNG.runSuitesLocally(TestNG.java:1149)
	at org.testng.TestNG.run(TestNG.java:1057)
	at org.testng.remote.RemoteTestNG.run(RemoteTestNG.java:111)
	at org.testng.remote.RemoteTestNG.initAndRun(RemoteTestNG.java:204)
	at org.testng.remote.RemoteTestNG.main(RemoteTestNG.java:175)
Caused by: org.openqa.selenium.remote.ErrorHandler$UnknownServerException: Unable to locate element: {"method":"link text","selector":"Love And Conversation (LP)"}
Build info: version: '2.38.0', revision: 'bd32d4e7247a32d801b3d2d4f84a4e7384300378', time: '2013-12-05 09:01:37'
System info: host: 'Santhosh-E4310', ip: '172.16.0.118', os.name: 'Windows 7', os.arch: 'amd64', os.version: '6.1', java.version: '1.7.0_45'
Driver info: driver.version: unknown
	at <anonymous class>.FirefoxDriver.prototype.findElementInternal_(file:///C:/Users/ADMINI~1/AppData/Local/Temp/anonymous6420784638244002440webdriver-profile/extensions/fxdriver@googlecode.com/components/driver_component.js:8860)
	at <anonymous class>.fxdriver.Timer.prototype.setTimeout/<.notify(file:///C:/Users/ADMINI~1/AppData/Local/Temp/anonymous6420784638244002440webdriver-profile/extensions/fxdriver@googlecode.com/components/driver_component.js:396)
2014-04-23 17:41:59 INFO  FunctionLibrary:75 - Test Scenario Result --Fail
2014-04-23 17:41:59 INFO  FunctionLibrary:52 - Selecting Test Scenario From Controller File
2014-04-23 17:41:59 INFO  FunctionLibrary:52 - Selecting Test Scenario From Controller File
2014-04-23 17:41:59 INFO  FunctionLibrary:52 - Selecting Test Scenario From Controller File
2014-04-23 17:41:59 INFO  FunctionLibrary:52 - Selecting Test Scenario From Controller File
2014-04-23 17:41:59 INFO  FunctionLibrary:52 - Selecting Test Scenario From Controller File
2014-04-23 17:41:59 INFO  FunctionLibrary:52 - Selecting Test Scenario From Controller File
2014-04-23 17:41:59 INFO  FunctionLibrary:52 - Selecting Test Scenario From Controller File
2014-04-23 17:41:59 INFO  FunctionLibrary:52 - Selecting Test Scenario From Controller File
2014-04-23 17:41:59 INFO  FunctionLibrary:52 - Selecting Test Scenario From Controller File
2014-04-23 17:41:59 INFO  FunctionLibrary:52 - Selecting Test Scenario From Controller File
2014-04-23 17:41:59 INFO  FunctionLibrary:52 - Selecting Test Scenario From Controller File
2014-04-23 17:41:59 INFO  FunctionLibrary:52 - Selecting Test Scenario From Controller File
2014-04-23 17:41:59 INFO  FunctionLibrary:52 - Selecting Test Scenario From Controller File
2014-04-23 17:41:59 INFO  FunctionLibrary:52 - Selecting Test Scenario From Controller File
2014-04-23 17:41:59 INFO  FunctionLibrary:52 - Selecting Test Scenario From Controller File
2014-04-23 17:41:59 INFO  FunctionLibrary:52 - Selecting Test Scenario From Controller File
2014-04-23 17:41:59 INFO  FunctionLibrary:52 - Selecting Test Scenario From Controller File
2014-04-23 17:41:59 INFO  FunctionLibrary:52 - Selecting Test Scenario From Controller File
2014-04-23 17:41:59 INFO  FunctionLibrary:52 - Selecting Test Scenario From Controller File
2014-04-23 17:46:31 INFO  FunctionLibrary:25 - Initialized All Resources Files
2014-04-23 17:46:31 INFO  FunctionLibrary:27 - Creatng Driver Script Object
2014-04-23 17:46:31 INFO  FunctionLibrary:29 - Creating Test Suite
2014-04-23 17:46:31 INFO  FunctionLibrary:31 - Creating Test Suite For Email Report
2014-04-23 17:46:31 INFO  FunctionLibrary:36 - Creating Suite In Detailed Test Report
2014-04-23 17:46:31 INFO  FunctionLibrary:38 - Creating Suite In Mailing Report
2014-04-23 17:46:31 INFO  FunctionLibrary:43 - Creating Excel Sheet For Test Results
2014-04-23 17:46:31 INFO  FunctionLibrary:47 - Total No.of Test Cases  23.0
2014-04-23 17:46:31 INFO  FunctionLibrary:48 - Launching Browser
2014-04-23 17:46:31 INFO  FunctionLibrary:216 - Launching Mozilla Firefox.......
2014-04-23 17:46:59 INFO  FunctionLibrary:50 - Loading Controller Work Book
2014-04-23 17:46:59 INFO  FunctionLibrary:52 - Selecting Test Scenario From Controller File
2014-04-23 17:46:59 INFO  FunctionLibrary:52 - Selecting Test Scenario From Controller File
2014-04-23 17:46:59 INFO  FunctionLibrary:56 - Navigate To Test Scenario Sheet
2014-04-23 17:47:00 INFO  FunctionLibrary:62 - Loading Test Data Work Book
2014-04-23 17:47:00 INFO  FunctionLibrary:71 - Passing Parameters Driver Script to ContolScript
2014-04-23 17:47:00 INFO  FunctionLibrary:155 - Mouse Over to //*[@id='primary-nav']/ul/li[1]/a
2014-04-23 17:47:00 INFO  FunctionLibrary:65 - Clicking on Button //*[@id='primary-nav']/ul/li[1]/ul/li[1]/a
2014-04-23 17:47:01 INFO  FunctionLibrary:87 - Verifying Text
2014-04-23 17:47:07 INFO  FunctionLibrary:358 - New Release
2014-04-23 17:47:07 INFO  FunctionLibrary:359 - New Releases
2014-04-23 17:47:07 INFO  FunctionLibrary:365 - Error in text - //*[@id='sidebar']/nav/header/h3
2014-04-23 17:47:07 INFO  FunctionLibrary:366 - Actual - New Releases
2014-04-23 17:47:07 INFO  FunctionLibrary:367 - Expected -New Release
2014-04-23 17:47:07 FATAL FunctionLibrary:368 - test verify
2014-04-23 17:47:07 ERROR FunctionLibrary:369 - error
2014-04-23 17:47:10 INFO  FunctionLibrary:78 - Selecting DropDown Value Artist Name
2014-04-23 17:47:11 INFO  FunctionLibrary:78 - Selecting DropDown Value Jan 28, 2014
2014-04-23 17:47:11 INFO  FunctionLibrary:52 - Clicking on Listing Radiobutton
2014-04-23 17:47:12 INFO  FunctionLibrary:52 - Clicking on hm_amoeba-recommends Radiobutton
2014-04-23 17:47:12 INFO  FunctionLibrary:52 - Clicking on Upcoming Radiobutton
2014-04-23 17:47:13 INFO  FunctionLibrary:52 - Clicking on CD Radiobutton
2014-04-23 17:47:13 INFO  FunctionLibrary:65 - Clicking on Button //*[@id='genre-picker']/li[2]/a
2014-04-23 17:47:14 INFO  FunctionLibrary:52 - Clicking on Upcoming Radiobutton
2014-04-23 17:47:14 INFO  FunctionLibrary:52 - Clicking on Cassette Radiobutton
2014-04-23 17:47:15 INFO  FunctionLibrary:65 - Clicking on Button //*[@id='genre-picker']/li[1]/a/strong
2014-04-23 17:47:16 INFO  FunctionLibrary:75 - Test Scenario Result --Fail
2014-04-23 17:47:16 INFO  FunctionLibrary:52 - Selecting Test Scenario From Controller File
2014-04-23 17:47:16 INFO  FunctionLibrary:52 - Selecting Test Scenario From Controller File
2014-04-23 17:47:16 INFO  FunctionLibrary:56 - Navigate To Test Scenario Sheet
2014-04-23 17:47:16 INFO  FunctionLibrary:62 - Loading Test Data Work Book
2014-04-23 17:47:16 INFO  FunctionLibrary:71 - Passing Parameters Driver Script to ContolScript
2014-04-23 17:47:16 INFO  FunctionLibrary:155 - Mouse Over to //*[@id='primary-nav']/ul/li[1]/a
2014-04-23 17:47:17 INFO  FunctionLibrary:65 - Clicking on Button //*[@id='primary-nav']/ul/li[1]/ul/li[3]/a
2014-04-23 17:47:17 INFO  FunctionLibrary:87 - Verifying Text
2014-04-23 17:47:21 INFO  FunctionLibrary:358 - CD & Vinyl
2014-04-23 17:47:21 INFO  FunctionLibrary:359 - CD & Vinyl
2014-04-23 17:47:21 INFO  FunctionLibrary:69 - Entering Data into searchbox
2014-04-23 17:47:21 INFO  FunctionLibrary:65 - Clicking on Button //*[@id='searches']/input[2]
2014-04-23 17:47:27 INFO  FunctionLibrary:52 - Clicking on Love_And_Conversation Radiobutton
2014-04-23 17:47:59 INFO  FunctionLibrary:174 - 
org.openqa.selenium.NoSuchElementException: Unable to locate element: {"method":"link text","selector":"Love And Conversation (LP)"}
Command duration or timeout: 10.16 seconds
For documentation on this error, please visit: http://seleniumhq.org/exceptions/no_such_element.html
Build info: version: '2.38.0', revision: 'bd32d4e7247a32d801b3d2d4f84a4e7384300378', time: '2013-12-05 09:01:37'
System info: host: 'Santhosh-E4310', ip: '172.16.0.118', os.name: 'Windows 7', os.arch: 'amd64', os.version: '6.1', java.version: '1.7.0_45'
Session ID: 552c81d8-8b05-45be-92a0-824f71f9205a
Driver info: org.openqa.selenium.firefox.FirefoxDriver
Capabilities [{platform=XP, acceptSslCerts=true, javascriptEnabled=true, cssSelectorsEnabled=true, databaseEnabled=true, browserName=firefox, handlesAlerts=true, browserConnectionEnabled=true, webStorageEnabled=true, nativeEvents=false, rotatable=false, locationContextEnabled=true, applicationCacheEnabled=true, takesScreenshot=true, version=28.0}]
	at sun.reflect.NativeConstructorAccessorImpl.newInstance0(Native Method)
	at sun.reflect.NativeConstructorAccessorImpl.newInstance(NativeConstructorAccessorImpl.java:57)
	at sun.reflect.DelegatingConstructorAccessorImpl.newInstance(DelegatingConstructorAccessorImpl.java:45)
	at java.lang.reflect.Constructor.newInstance(Constructor.java:526)
	at org.openqa.selenium.remote.ErrorHandler.createThrowable(ErrorHandler.java:193)
	at org.openqa.selenium.remote.ErrorHandler.throwIfResponseFailed(ErrorHandler.java:145)
	at org.openqa.selenium.remote.RemoteWebDriver.execute(RemoteWebDriver.java:554)
	at org.openqa.selenium.remote.RemoteWebDriver.findElement(RemoteWebDriver.java:307)
	at org.openqa.selenium.remote.RemoteWebDriver.findElementByLinkText(RemoteWebDriver.java:356)
	at org.openqa.selenium.By$ByLinkText.findElement(By.java:248)
	at org.openqa.selenium.remote.RemoteWebDriver.findElement(RemoteWebDriver.java:299)
	at com.projectname.base.Keywords.welement(Keywords.java:317)
	at com.projectname.base.Keywords.actionElement(Keywords.java:236)
	at com.projectname.base.Keywords.controlScript(Keywords.java:54)
	at com.projectname.scripts.DriverScriptTest.driverScript(DriverScriptTest.java:72)
	at sun.reflect.NativeMethodAccessorImpl.invoke0(Native Method)
	at sun.reflect.NativeMethodAccessorImpl.invoke(NativeMethodAccessorImpl.java:57)
	at sun.reflect.DelegatingMethodAccessorImpl.invoke(DelegatingMethodAccessorImpl.java:43)
	at java.lang.reflect.Method.invoke(Method.java:606)
	at org.testng.internal.MethodInvocationHelper.invokeMethod(MethodInvocationHelper.java:80)
	at org.testng.internal.Invoker.invokeMethod(Invoker.java:673)
	at org.testng.internal.Invoker.invokeTestMethod(Invoker.java:842)
	at org.testng.internal.Invoker.invokeTestMethods(Invoker.java:1166)
	at org.testng.internal.TestMethodWorker.invokeTestMethods(TestMethodWorker.java:125)
	at org.testng.internal.TestMethodWorker.run(TestMethodWorker.java:109)
	at org.testng.TestRunner.runWorkers(TestRunner.java:1178)
	at org.testng.TestRunner.privateRun(TestRunner.java:757)
	at org.testng.TestRunner.run(TestRunner.java:608)
	at org.testng.SuiteRunner.runTest(SuiteRunner.java:334)
	at org.testng.SuiteRunner.runSequentially(SuiteRunner.java:329)
	at org.testng.SuiteRunner.privateRun(SuiteRunner.java:291)
	at org.testng.SuiteRunner.run(SuiteRunner.java:240)
	at org.testng.SuiteRunnerWorker.runSuite(SuiteRunnerWorker.java:52)
	at org.testng.SuiteRunnerWorker.run(SuiteRunnerWorker.java:86)
	at org.testng.TestNG.runSuitesSequentially(TestNG.java:1158)
	at org.testng.TestNG.runSuitesLocally(TestNG.java:1083)
	at org.testng.TestNG.run(TestNG.java:999)
	at org.apache.maven.surefire.testng.TestNGExecutor.run(TestNGExecutor.java:77)
	at org.apache.maven.surefire.testng.TestNGDirectoryTestSuite.executeMulti(TestNGDirectoryTestSuite.java:159)
	at org.apache.maven.surefire.testng.TestNGDirectoryTestSuite.execute(TestNGDirectoryTestSuite.java:99)
	at org.apache.maven.surefire.testng.TestNGProvider.invoke(TestNGProvider.java:106)
	at sun.reflect.NativeMethodAccessorImpl.invoke0(Native Method)
	at sun.reflect.NativeMethodAccessorImpl.invoke(NativeMethodAccessorImpl.java:57)
	at sun.reflect.DelegatingMethodAccessorImpl.invoke(DelegatingMethodAccessorImpl.java:43)
	at java.lang.reflect.Method.invoke(Method.java:606)
	at org.apache.maven.surefire.util.ReflectionUtils.invokeMethodWithArray(ReflectionUtils.java:189)
	at org.apache.maven.surefire.booter.ProviderFactory$ProviderProxy.invoke(ProviderFactory.java:165)
	at org.apache.maven.surefire.booter.ProviderFactory.invokeProvider(ProviderFactory.java:85)
	at org.apache.maven.surefire.booter.ForkedBooter.runSuitesInProcess(ForkedBooter.java:115)
	at org.apache.maven.surefire.booter.ForkedBooter.main(ForkedBooter.java:75)
Caused by: org.openqa.selenium.remote.ErrorHandler$UnknownServerException: Unable to locate element: {"method":"link text","selector":"Love And Conversation (LP)"}
Build info: version: '2.38.0', revision: 'bd32d4e7247a32d801b3d2d4f84a4e7384300378', time: '2013-12-05 09:01:37'
System info: host: 'Santhosh-E4310', ip: '172.16.0.118', os.name: 'Windows 7', os.arch: 'amd64', os.version: '6.1', java.version: '1.7.0_45'
Driver info: driver.version: unknown
	at <anonymous class>.FirefoxDriver.prototype.findElementInternal_(file:///C:/Users/ADMINI~1/AppData/Local/Temp/anonymous6010245274931282393webdriver-profile/extensions/fxdriver@googlecode.com/components/driver_component.js:8860)
	at <anonymous class>.fxdriver.Timer.prototype.setTimeout/<.notify(file:///C:/Users/ADMINI~1/AppData/Local/Temp/anonymous6010245274931282393webdriver-profile/extensions/fxdriver@googlecode.com/components/driver_component.js:396)
2014-04-23 17:48:00 INFO  FunctionLibrary:75 - Test Scenario Result --Fail
2014-04-23 17:48:00 INFO  FunctionLibrary:52 - Selecting Test Scenario From Controller File
2014-04-23 17:48:00 INFO  FunctionLibrary:52 - Selecting Test Scenario From Controller File
2014-04-23 17:48:00 INFO  FunctionLibrary:52 - Selecting Test Scenario From Controller File
2014-04-23 17:48:00 INFO  FunctionLibrary:52 - Selecting Test Scenario From Controller File
2014-04-23 17:48:00 INFO  FunctionLibrary:52 - Selecting Test Scenario From Controller File
2014-04-23 17:48:00 INFO  FunctionLibrary:52 - Selecting Test Scenario From Controller File
2014-04-23 17:48:00 INFO  FunctionLibrary:52 - Selecting Test Scenario From Controller File
2014-04-23 17:48:00 INFO  FunctionLibrary:52 - Selecting Test Scenario From Controller File
2014-04-23 17:48:00 INFO  FunctionLibrary:52 - Selecting Test Scenario From Controller File
2014-04-23 17:48:00 INFO  FunctionLibrary:52 - Selecting Test Scenario From Controller File
2014-04-23 17:48:00 INFO  FunctionLibrary:52 - Selecting Test Scenario From Controller File
2014-04-23 17:48:00 INFO  FunctionLibrary:52 - Selecting Test Scenario From Controller File
2014-04-23 17:48:00 INFO  FunctionLibrary:52 - Selecting Test Scenario From Controller File
2014-04-23 17:48:00 INFO  FunctionLibrary:52 - Selecting Test Scenario From Controller File
2014-04-23 17:48:00 INFO  FunctionLibrary:52 - Selecting Test Scenario From Controller File
2014-04-23 17:48:00 INFO  FunctionLibrary:52 - Selecting Test Scenario From Controller File
2014-04-23 17:48:00 INFO  FunctionLibrary:52 - Selecting Test Scenario From Controller File
2014-04-23 17:48:00 INFO  FunctionLibrary:52 - Selecting Test Scenario From Controller File
2014-04-23 17:48:00 INFO  FunctionLibrary:52 - Selecting Test Scenario From Controller File
